Arguments: 
  /Users/zhangyue/.nvm/versions/node/v16.15.0/bin/node /Users/zhangyue/.nvm/versions/node/v16.15.0/bin/yarn add vite-D

PATH: 
  /Users/zhangyue/.nvm/versions/node/v16.15.0/bin:/usr/local/bin:/usr/local/sbin:/usr/local/bin:/usr/bin:/bin:/usr/sbin:/sbin:/usr/local/go/bin:/Library/Apple/usr/bin:/Users/zhangyue/.nvm/versions/node/v16.15.0/bin:/usr/local/sbin:/Users/zhangyue/go/bin:/usr/local/opt/openjdk:/usr/local/bin:/Users/zhangyue/go/bin:/usr/local/opt/openjdk

Yarn version: 
  1.22.19

Node version: 
  16.15.0

Platform: 
  darwin x64

Trace: 
  Error: https://registry.npm.taobao.org/vite-D: Not found
      at Request.params.callback [as _callback] (/Users/zhangyue/.nvm/versions/node/v16.15.0/lib/node_modules/yarn/lib/cli.js:66145:18)
      at Request.self.callback (/Users/zhangyue/.nvm/versions/node/v16.15.0/lib/node_modules/yarn/lib/cli.js:140890:22)
      at Request.emit (node:events:527:28)
      at Request.<anonymous> (/Users/zhangyue/.nvm/versions/node/v16.15.0/lib/node_modules/yarn/lib/cli.js:141862:10)
      at Request.emit (node:events:527:28)
      at IncomingMessage.<anonymous> (/Users/zhangyue/.nvm/versions/node/v16.15.0/lib/node_modules/yarn/lib/cli.js:141784:12)
      at Object.onceWrapper (node:events:641:28)
      at IncomingMessage.emit (node:events:539:35)
      at endReadableNT (node:internal/streams/readable:1345:12)
      at processTicksAndRejections (node:internal/process/task_queues:83:21)

npm manifest: 
  {
    "name": "01",
    "version": "1.0.0",
    "main": "index.js",
    "license": "MIT",
    "dependencies": {
      "lodash": "^4.17.21"
    }
  }

yarn manifest: 
  No manifest

Lockfile: 
  # THIS IS AN AUTOGENERATED FILE. DO NOT EDIT THIS FILE DIRECTLY.
  # yarn lockfile v1
  
  
  lodash@^4.17.21:
    version "4.17.21"
    resolved "https://registry.npmmirror.com/lodash/-/lodash-4.17.21.tgz#679591c564c3bffaae8454cf0b3df370c3d6911c"
    integrity sha512-v2kDEe57lecTulaDIuNTPy3Ry4gLGJ6Z1O3vE1krgXZNrsQ+LFTGHVxVjcXPs17LhbZVGedAJv8XZ1tvj5FvSg==
